<?xml version="1.0" encoding="UTF-8"?>
<!-- Generated by org.testng.reporters.JUnitReportReporter -->
<testsuite skipped="0" hostname="DESKTOP-QNMGL77" name="demo1510.Login_Test" tests="1" failures="0" timestamp="15 Oct 2019 05:21:44 GMT" time="11.847" errors="0">
  <testcase name="search" time="11.847" classname="demo1510.Login_Test"/>
</testsuite> <!-- demo1510.Login_Test -->
